This file contains any messages produced by compilers while
running configure, to aid debugging if configure makes a mistake.

It was created by Blood configure 0.0.1, which was
generated by GNU Autoconf 2.69.  Invocation command line was

  $ ./configure --no-create --no-recursion

## --------- ##
## Platform. ##
## --------- ##

hostname = T61
uname -m = x86_64
uname -r = 4.14.4-gentoo
uname -s = Linux
uname -v = #2 SMP PREEMPT Sat Dec 9 16:23:47 GMT 2017

/usr/bin/uname -p = Intel(R) Core(TM)2 Duo CPU T9500 @ 2.60GHz
/bin/uname -X     = unknown

/bin/arch              = unknown
/usr/bin/arch -k       = unknown
/usr/convex/getsysinfo = unknown
/usr/bin/hostinfo      = unknown
/bin/machine           = unknown
/usr/bin/oslevel       = unknown
/bin/universe          = unknown

PATH: /usr/x86_64-pc-linux-gnu/gcc-bin/6.4.0
PATH: /usr/local/bin
PATH: /usr/bin
PATH: /bin
PATH: /opt/bin
PATH: /usr/games/bin
PATH: /home/alvarez/.local/bin
PATH: /usr/sbin


## ----------- ##
## Core tests. ##
## ----------- ##

configure:2080: checking for a BSD-compatible install
configure:2148: result: /usr/bin/install -c
configure:2159: checking whether build environment is sane
configure:2214: result: yes
configure:2365: checking for a thread-safe mkdir -p
configure:2404: result: /bin/mkdir -p
configure:2411: checking for gawk
configure:2427: found /usr/bin/gawk
configure:2438: result: gawk
configure:2449: checking whether make sets $(MAKE)
configure:2471: result: yes
configure:2500: checking whether make supports nested variables
configure:2517: result: yes
configure:2693: checking for gcc
configure:2709: found /usr/x86_64-pc-linux-gnu/gcc-bin/6.4.0/gcc
configure:2720: result: gcc
configure:2949: checking for C compiler version
configure:2958: gcc --version >&5
gcc (Gentoo 6.4.0 p1.1) 6.4.0
Copyright (C) 2017 Free Software Foundation, Inc.
This is free software; see the source for copying conditions.  There is NO
warranty; not even for MERCHANTABILITY or FITNESS FOR A PARTICULAR PURPOSE.

configure:2969: $? = 0
configure:2958: gcc -v >&5
Using built-in specs.
COLLECT_GCC=gcc
COLLECT_LTO_WRAPPER=/usr/libexec/gcc/x86_64-pc-linux-gnu/6.4.0/lto-wrapper
Target: x86_64-pc-linux-gnu
Configured with: /var/tmp/portage/sys-devel/gcc-6.4.0/work/gcc-6.4.0/configure --host=x86_64-pc-linux-gnu --build=x86_64-pc-linux-gnu --prefix=/usr --bindir=/usr/x86_64-pc-linux-gnu/gcc-bin/6.4.0 --includedir=/usr/lib/gcc/x86_64-pc-linux-gnu/6.4.0/include --datadir=/usr/share/gcc-data/x86_64-pc-linux-gnu/6.4.0 --mandir=/usr/share/gcc-data/x86_64-pc-linux-gnu/6.4.0/man --infodir=/usr/share/gcc-data/x86_64-pc-linux-gnu/6.4.0/info --with-gxx-include-dir=/usr/lib/gcc/x86_64-pc-linux-gnu/6.4.0/include/g++-v6 --with-python-dir=/share/gcc-data/x86_64-pc-linux-gnu/6.4.0/python --enable-languages=c,c++,fortran --enable-obsolete --enable-secureplt --disable-werror --with-system-zlib --enable-nls --without-included-gettext --enable-checking=release --with-bugurl=https://bugs.gentoo.org/ --with-pkgversion='Gentoo 6.4.0 p1.1' --disable-esp --enable-libstdcxx-time --enable-shared --enable-threads=posix --enable-__cxa_atexit --enable-clocale=gnu --enable-multilib --with-multilib-list=m32,m64 --disable-altivec --disable-fixed-point --enable-targets=all --disable-libgcj --enable-libgomp --disable-libmudflap --disable-libssp --disable-libcilkrts --disable-libmpx --enable-vtable-verify --enable-libvtv --enable-lto --without-isl --enable-libsanitizer --disable-default-pie --enable-default-ssp
Thread model: posix
gcc version 6.4.0 (Gentoo 6.4.0 p1.1) 
configure:2969: $? = 0
configure:2958: gcc -V >&5
gcc: error: unrecognized command line option '-V'
gcc: fatal error: no input files
compilation terminated.
configure:2969: $? = 1
configure:2958: gcc -qversion >&5
gcc: error: unrecognized command line option '-qversion'; did you mean '--version'?
gcc: fatal error: no input files
compilation terminated.
configure:2969: $? = 1
configure:2989: checking whether the C compiler works
configure:3011: gcc    conftest.c  >&5
configure:3015: $? = 0
configure:3063: result: yes
configure:3066: checking for C compiler default output file name
configure:3068: result: a.out
configure:3074: checking for suffix of executables
configure:3081: gcc -o conftest    conftest.c  >&5
configure:3085: $? = 0
configure:3107: result: 
configure:3129: checking whether we are cross compiling
configure:3137: gcc -o conftest    conftest.c  >&5
configure:3141: $? = 0
configure:3148: ./conftest
configure:3152: $? = 0
configure:3167: result: no
configure:3172: checking for suffix of object files
configure:3194: gcc -c   conftest.c >&5
configure:3198: $? = 0
configure:3219: result: o
configure:3223: checking whether we are using the GNU C compiler
configure:3242: gcc -c   conftest.c >&5
configure:3242: $? = 0
configure:3251: result: yes
configure:3260: checking whether gcc accepts -g
configure:3280: gcc -c -g  conftest.c >&5
configure:3280: $? = 0
configure:3321: result: yes
configure:3338: checking for gcc option to accept ISO C89
configure:3401: gcc  -c -g -O2  conftest.c >&5
configure:3401: $? = 0
configure:3414: result: none needed
configure:3439: checking whether gcc understands -c and -o together
configure:3461: gcc -c conftest.c -o conftest2.o
configure:3464: $? = 0
configure:3461: gcc -c conftest.c -o conftest2.o
configure:3464: $? = 0
configure:3476: result: yes
configure:3504: checking for style of include used by make
configure:3532: result: GNU
configure:3558: checking dependency style of gcc
configure:3669: result: gcc3
configure:3694: checking how to run the C preprocessor
configure:3725: gcc -E  conftest.c
configure:3725: $? = 0
configure:3739: gcc -E  conftest.c
conftest.c:11:28: fatal error: ac_nonexistent.h: No such file or directory
 #include <ac_nonexistent.h>
                            ^
compilation terminated.
configure:3739: $? = 1
configure: failed program was:
| /* confdefs.h */
| #define PACKAGE_NAME "Blood"
| #define PACKAGE_TARNAME "blood"
| #define PACKAGE_VERSION "0.0.1"
| #define PACKAGE_STRING "Blood 0.0.1"
| #define PACKAGE_BUGREPORT "BUG-REPORT-ADDRESS"
| #define PACKAGE_URL ""
| #define PACKAGE "blood"
| #define VERSION "0.0.1"
| /* end confdefs.h.  */
| #include <ac_nonexistent.h>
configure:3764: result: gcc -E
configure:3784: gcc -E  conftest.c
configure:3784: $? = 0
configure:3798: gcc -E  conftest.c
conftest.c:11:28: fatal error: ac_nonexistent.h: No such file or directory
 #include <ac_nonexistent.h>
                            ^
compilation terminated.
configure:3798: $? = 1
configure: failed program was:
| /* confdefs.h */
| #define PACKAGE_NAME "Blood"
| #define PACKAGE_TARNAME "blood"
| #define PACKAGE_VERSION "0.0.1"
| #define PACKAGE_STRING "Blood 0.0.1"
| #define PACKAGE_BUGREPORT "BUG-REPORT-ADDRESS"
| #define PACKAGE_URL ""
| #define PACKAGE "blood"
| #define VERSION "0.0.1"
| /* end confdefs.h.  */
| #include <ac_nonexistent.h>
configure:3827: checking for grep that handles long lines and -e
configure:3885: result: /bin/grep
configure:3890: checking for egrep
configure:3952: result: /bin/grep -E
configure:3957: checking for ANSI C header files
configure:3977: gcc -c -g -O2  conftest.c >&5
configure:3977: $? = 0
configure:4050: gcc -o conftest -g -O2   conftest.c  >&5
configure:4050: $? = 0
configure:4050: ./conftest
configure:4050: $? = 0
configure:4061: result: yes
configure:4074: checking for sys/types.h
configure:4074: gcc -c -g -O2  conftest.c >&5
configure:4074: $? = 0
configure:4074: result: yes
configure:4074: checking for sys/stat.h
configure:4074: gcc -c -g -O2  conftest.c >&5
configure:4074: $? = 0
configure:4074: result: yes
configure:4074: checking for stdlib.h
configure:4074: gcc -c -g -O2  conftest.c >&5
configure:4074: $? = 0
configure:4074: result: yes
configure:4074: checking for string.h
configure:4074: gcc -c -g -O2  conftest.c >&5
configure:4074: $? = 0
configure:4074: result: yes
configure:4074: checking for memory.h
configure:4074: gcc -c -g -O2  conftest.c >&5
configure:4074: $? = 0
configure:4074: result: yes
configure:4074: checking for strings.h
configure:4074: gcc -c -g -O2  conftest.c >&5
configure:4074: $? = 0
configure:4074: result: yes
configure:4074: checking for inttypes.h
configure:4074: gcc -c -g -O2  conftest.c >&5
configure:4074: $? = 0
configure:4074: result: yes
configure:4074: checking for stdint.h
configure:4074: gcc -c -g -O2  conftest.c >&5
configure:4074: $? = 0
configure:4074: result: yes
configure:4074: checking for unistd.h
configure:4074: gcc -c -g -O2  conftest.c >&5
configure:4074: $? = 0
configure:4074: result: yes
configure:4089: checking for stdlib.h
configure:4089: result: yes
configure:4089: checking for string.h
configure:4089: result: yes
configure:4089: checking ncurses.h usability
configure:4089: gcc -c -g -O2  conftest.c >&5
configure:4089: $? = 0
configure:4089: result: yes
configure:4089: checking ncurses.h presence
configure:4089: gcc -E  conftest.c
configure:4089: $? = 0
configure:4089: result: yes
configure:4089: checking for ncurses.h
configure:4089: result: yes
configure:4213: checking that generated files are newer than configure
configure:4219: result: done
configure:4242: creating ./config.status

## ---------------- ##
## Cache variables. ##
## ---------------- ##

ac_cv_c_compiler_gnu=yes
ac_cv_env_CC_set=
ac_cv_env_CC_value=
ac_cv_env_CFLAGS_set=
ac_cv_env_CFLAGS_value=
ac_cv_env_CPPFLAGS_set=
ac_cv_env_CPPFLAGS_value=
ac_cv_env_CPP_set=
ac_cv_env_CPP_value=
ac_cv_env_LDFLAGS_set=
ac_cv_env_LDFLAGS_value=
ac_cv_env_LIBS_set=
ac_cv_env_LIBS_value=
ac_cv_env_build_alias_set=
ac_cv_env_build_alias_value=
ac_cv_env_host_alias_set=
ac_cv_env_host_alias_value=
ac_cv_env_target_alias_set=
ac_cv_env_target_alias_value=
ac_cv_header_inttypes_h=yes
ac_cv_header_memory_h=yes
ac_cv_header_ncurses_h=yes
ac_cv_header_stdc=yes
ac_cv_header_stdint_h=yes
ac_cv_header_stdlib_h=yes
ac_cv_header_string_h=yes
ac_cv_header_strings_h=yes
ac_cv_header_sys_stat_h=yes
ac_cv_header_sys_types_h=yes
ac_cv_header_unistd_h=yes
ac_cv_objext=o
ac_cv_path_EGREP='/bin/grep -E'
ac_cv_path_GREP=/bin/grep
ac_cv_path_install='/usr/bin/install -c'
ac_cv_path_mkdir=/bin/mkdir
ac_cv_prog_AWK=gawk
ac_cv_prog_CPP='gcc -E'
ac_cv_prog_ac_ct_CC=gcc
ac_cv_prog_cc_c89=
ac_cv_prog_cc_g=yes
ac_cv_prog_make_make_set=yes
am_cv_CC_dependencies_compiler_type=gcc3
am_cv_make_support_nested_variables=yes
am_cv_prog_cc_c_o=yes

## ----------------- ##
## Output variables. ##
## ----------------- ##

ACLOCAL='${SHELL} /home/alvarez/Misc/programacion/Blood/missing aclocal-1.15'
AMDEPBACKSLASH='\'
AMDEP_FALSE='#'
AMDEP_TRUE=''
AMTAR='$${TAR-tar}'
AM_BACKSLASH='\'
AM_DEFAULT_V='$(AM_DEFAULT_VERBOSITY)'
AM_DEFAULT_VERBOSITY='1'
AM_V='$(V)'
AUTOCONF='${SHELL} /home/alvarez/Misc/programacion/Blood/missing autoconf'
AUTOHEADER='${SHELL} /home/alvarez/Misc/programacion/Blood/missing autoheader'
AUTOMAKE='${SHELL} /home/alvarez/Misc/programacion/Blood/missing automake-1.15'
AWK='gawk'
CC='gcc'
CCDEPMODE='depmode=gcc3'
CFLAGS='-g -O2'
CPP='gcc -E'
CPPFLAGS=''
CYGPATH_W='echo'
DEFS='-DHAVE_CONFIG_H'
DEPDIR='.deps'
ECHO_C=''
ECHO_N='-n'
ECHO_T=''
EGREP='/bin/grep -E'
EXEEXT=''
GREP='/bin/grep'
INSTALL_DATA='${INSTALL} -m 644'
INSTALL_PROGRAM='${INSTALL}'
INSTALL_SCRIPT='${INSTALL}'
INSTALL_STRIP_PROGRAM='$(install_sh) -c -s'
LDFLAGS=''
LIBOBJS=''
LIBS=''
LTLIBOBJS=''
MAKEINFO='${SHELL} /home/alvarez/Misc/programacion/Blood/missing makeinfo'
MKDIR_P='/bin/mkdir -p'
OBJEXT='o'
PACKAGE='blood'
PACKAGE_BUGREPORT='BUG-REPORT-ADDRESS'
PACKAGE_NAME='Blood'
PACKAGE_STRING='Blood 0.0.1'
PACKAGE_TARNAME='blood'
PACKAGE_URL=''
PACKAGE_VERSION='0.0.1'
PATH_SEPARATOR=':'
SET_MAKE=''
SHELL='/bin/sh'
STRIP=''
VERSION='0.0.1'
ac_ct_CC='gcc'
am__EXEEXT_FALSE=''
am__EXEEXT_TRUE='#'
am__fastdepCC_FALSE='#'
am__fastdepCC_TRUE=''
am__include='include'
am__isrc=''
am__leading_dot='.'
am__nodep='_no'
am__quote=''
am__tar='$${TAR-tar} chof - "$$tardir"'
am__untar='$${TAR-tar} xf -'
bindir='${exec_prefix}/bin'
build_alias=''
datadir='${datarootdir}'
datarootdir='${prefix}/share'
docdir='${datarootdir}/doc/${PACKAGE_TARNAME}'
dvidir='${docdir}'
exec_prefix='${prefix}'
host_alias=''
htmldir='${docdir}'
includedir='${prefix}/include'
infodir='${datarootdir}/info'
install_sh='${SHELL} /home/alvarez/Misc/programacion/Blood/install-sh'
libdir='${exec_prefix}/lib'
libexecdir='${exec_prefix}/libexec'
localedir='${datarootdir}/locale'
localstatedir='${prefix}/var'
mandir='${datarootdir}/man'
mkdir_p='$(MKDIR_P)'
oldincludedir='/usr/include'
pdfdir='${docdir}'
prefix='/usr/local'
program_transform_name='s,x,x,'
psdir='${docdir}'
sbindir='${exec_prefix}/sbin'
sharedstatedir='${prefix}/com'
sysconfdir='${prefix}/etc'
target_alias=''

## ----------- ##
## confdefs.h. ##
## ----------- ##

/* confdefs.h */
#define PACKAGE_NAME "Blood"
#define PACKAGE_TARNAME "blood"
#define PACKAGE_VERSION "0.0.1"
#define PACKAGE_STRING "Blood 0.0.1"
#define PACKAGE_BUGREPORT "BUG-REPORT-ADDRESS"
#define PACKAGE_URL ""
#define PACKAGE "blood"
#define VERSION "0.0.1"
#define STDC_HEADERS 1
#define HAVE_SYS_TYPES_H 1
#define HAVE_SYS_STAT_H 1
#define HAVE_STDLIB_H 1
#define HAVE_STRING_H 1
#define HAVE_MEMORY_H 1
#define HAVE_STRINGS_H 1
#define HAVE_INTTYPES_H 1
#define HAVE_STDINT_H 1
#define HAVE_UNISTD_H 1
#define HAVE_STDLIB_H 1
#define HAVE_STRING_H 1
#define HAVE_NCURSES_H 1

configure: exit 0

## ---------------------- ##
## Running config.status. ##
## ---------------------- ##

This file was extended by Blood config.status 0.0.1, which was
generated by GNU Autoconf 2.69.  Invocation command line was

  CONFIG_FILES    = 
  CONFIG_HEADERS  = 
  CONFIG_LINKS    = 
  CONFIG_COMMANDS = 
  $ ./config.status 

on T61

config.status:855: creating Makefile
config.status:855: creating config.h
config.status:1084: executing depfiles commands

## ---------------------- ##
## Running config.status. ##
## ---------------------- ##

This file was extended by Blood config.status 0.0.1, which was
generated by GNU Autoconf 2.69.  Invocation command line was

  CONFIG_FILES    = 
  CONFIG_HEADERS  = 
  CONFIG_LINKS    = 
  CONFIG_COMMANDS = 
  $ ./config.status config.h

on T61

config.status:855: creating config.h
config.status:1036: config.h is unchanged
